<?xml version="1.0" encoding="UTF-8"?>
<!-- Generated by org.testng.reporters.JUnitReportReporter -->
<testsuite hostname="Admin-PC" name="googleAutomation.SearchEngine" tests="1" failures="0" timestamp="18 Nov 2018 10:57:12 GMT" time="22.683" errors="0">
  <testcase name="verifySearch" time="22.683" classname="googleAutomation.SearchEngine"/>
</testsuite> <!-- googleAutomation.SearchEngine -->
