<?xml version="1.0" encoding="UTF-8"?>
<!-- Generated by org.testng.reporters.JUnitReportReporter -->
<testsuite hostname="Admin-PC" name="googleAutomation.delta" tests="1" failures="0" timestamp="27 Sep 2020 07:54:19 GMT" time="55.233" errors="0">
  <testcase name="oneWayTicketBook" time="55.233" classname="googleAutomation.delta"/>
</testsuite> <!-- googleAutomation.delta -->
